[20Jan2025 22:30:09.030] [main/INFO] [cpw.mods.modlauncher.Launcher/MODLAUNCHER]: ModLauncher running: args [--launchTarget, forgeclientuserdev, --version, 21.1.93, --assetIndex, 17, --assetsDir, C:\\Users\\Owner\\.gradle\\caches\\neoformruntime\\assets, --gameDir, ., --fml.neoForgeVersion, 21.1.93, --fml.fmlVersion, 4.0.34, --fml.mcVersion, 1.21.1, --fml.neoFormVersion, 20240808.144430]
[20Jan2025 22:30:09.046] [main/INFO] [cpw.mods.modlauncher.Launcher/MODLAUNCHER]: JVM identified as Oracle Corporation Java HotSpot(TM) 64-Bit Server VM 21.0.5+9-LTS-239
[20Jan2025 22:30:09.046] [main/INFO] [cpw.mods.modlauncher.Launcher/MODLAUNCHER]: ModLauncher 11.0.4+main.d2e20e43 starting: java version 21.0.5 by Oracle Corporation; OS Windows 11 arch amd64 version 10.0
[20Jan2025 22:30:09.152] [main/WARN] [net.neoforged.fml.loading.FMLConfig/CORE]: Configuration file D:\MCreatorWorkspaces\plantFarms\run\config\fml.toml is not correct. Correcting
[20Jan2025 22:30:09.204] [main/INFO] [net.neoforged.fml.loading.ImmediateWindowHandler/]: Loading ImmediateWindowProvider fmlearlywindow
[20Jan2025 22:30:09.537] [main/INFO] [EARLYDISPLAY/]: Trying GL version 4.6
[20Jan2025 22:30:09.831] [main/INFO] [EARLYDISPLAY/]: Requested GL version 4.6 got version 4.6
[20Jan2025 22:30:10.403] [main/INFO] [mixin/]: SpongePowered MIXIN Subsystem Version=0.8.7 Source=union:/C:/Users/Owner/.gradle/caches/modules-2/files-2.1/net.fabricmc/sponge-mixin/0.15.2+mixin.0.8.7/2af2f021d8e02a0220dc27a7a72b4666d66d44ca/sponge-mixin-0.15.2+mixin.0.8.7.jar%23131!/ Service=ModLauncher Env=CLIENT
[20Jan2025 22:30:10.465] [main/WARN] [net.neoforged.fml.loading.FMLConfig/CORE]: Configuration file D:\MCreatorWorkspaces\plantFarms\run\config\fml.toml is not correct. Correcting
[20Jan2025 22:30:10.972] [pool-2-thread-1/INFO] [EARLYDISPLAY/]: GL info: AMD Radeon(TM) 760M GL version 4.6.0 Core Profile Context 22.40.05.22.231108, ATI Technologies Inc.
[20Jan2025 22:30:11.353] [main/INFO] [net.neoforged.fml.loading.moddiscovery.locators.JarInJarDependencyLocator/]: Found 2 dependencies adding them to mods collection
[20Jan2025 22:30:11.353] [main/INFO] [net.neoforged.fml.loading.moddiscovery.ModDiscoverer/]: 
     Mod List:
		Name Version (Mod Id)

		Corelib 1.21.1-2.1.4 (corelib)
		Easy Villagers 1.21.1-1.1.23 (easy_villagers)
		Jade 15.3.4+neoforge (jade)
		Just Enough Items 19.21.0.247 (jei)
		Minecraft 1.21.1 (minecraft)
		NeoForge 21.1.93 (neoforge)
		Plant Farms 1 (plant_farms)
		The One Probe 1.21_neo-12.0.0-1 (theoneprobe)
[20Jan2025 22:30:12.566] [main/INFO] [cpw.mods.modlauncher.LaunchServiceHandler/MODLAUNCHER]: Launching target 'forgeclientuserdev' with arguments [--version, 21.1.93, --gameDir, ., --assetsDir, C:\Users\Owner\.gradle\caches\neoformruntime\assets, --assetIndex, 17]
[20Jan2025 22:30:15.201] [Datafixer Bootstrap/INFO] [com.mojang.datafixers.DataFixerBuilder/]: 229 Datafixer optimizations took 413 milliseconds
[20Jan2025 22:30:15.871] [pool-12-thread-1/INFO] [MixinExtras|Service/]: Initializing MixinExtras via com.llamalad7.mixinextras.service.MixinExtrasServiceImpl(version=0.4.1).
[20Jan2025 22:30:21.874] [main/WARN] [net.minecraft.commands.Commands/]: Ambiguity between arguments [teleport, location] and [teleport, destination] with inputs: [0.1 -0.5 .9, 0 0 0]
[20Jan2025 22:30:21.876] [main/WARN] [net.minecraft.commands.Commands/]: Ambiguity between arguments [teleport, location] and [teleport, targets] with inputs: [0.1 -0.5 .9, 0 0 0]
[20Jan2025 22:30:21.879] [main/WARN] [net.minecraft.commands.Commands/]: Ambiguity between arguments [teleport, destination] and [teleport, targets] with inputs: [Player, 0123, @e, dd12be42-52a9-4a91-a8a1-11c01849e498]
[20Jan2025 22:30:21.883] [main/WARN] [net.minecraft.commands.Commands/]: Ambiguity between arguments [teleport, targets] and [teleport, destination] with inputs: [Player, 0123, dd12be42-52a9-4a91-a8a1-11c01849e498]
[20Jan2025 22:30:21.886] [main/WARN] [net.minecraft.commands.Commands/]: Ambiguity between arguments [teleport, targets, location] and [teleport, targets, destination] with inputs: [0.1 -0.5 .9, 0 0 0]
[20Jan2025 22:30:22.083] [Render thread/WARN] [net.minecraft.server.packs.VanillaPackResourcesBuilder/]: Assets URL 'union:/D:/MCreatorWorkspaces/plantFarms/build/moddev/artifacts/neoforge-21.1.93.jar%23184!/assets/.mcassetsroot' uses unexpected schema
[20Jan2025 22:30:22.084] [Render thread/WARN] [net.minecraft.server.packs.VanillaPackResourcesBuilder/]: Assets URL 'union:/D:/MCreatorWorkspaces/plantFarms/build/moddev/artifacts/neoforge-21.1.93.jar%23184!/data/.mcassetsroot' uses unexpected schema
[20Jan2025 22:30:22.127] [Render thread/INFO] [com.mojang.authlib.yggdrasil.YggdrasilAuthenticationService/]: Environment: Environment[sessionHost=https://sessionserver.mojang.com, servicesHost=https://api.minecraftservices.com, name=PROD]
[20Jan2025 22:30:22.154] [Render thread/INFO] [net.minecraft.client.Minecraft/]: Setting user: Dev
[20Jan2025 22:30:22.321] [Render thread/INFO] [net.minecraft.client.Minecraft/]: Backend library: LWJGL version 3.3.3+5
[20Jan2025 22:30:22.715] [modloading-worker-0/INFO] [net.neoforged.neoforge.common.NeoForgeMod/NEOFORGE-MOD]: NeoForge mod loading, version 21.1.93, for MC 1.21.1
[20Jan2025 22:30:22.805] [modloading-worker-0/INFO] [mezz.jei.library.load.PluginCaller/]: Sending ConfigManager...
[20Jan2025 22:30:22.812] [modloading-worker-0/INFO] [mezz.jei.library.load.PluginCaller/]: Sending ConfigManager took 3.388 ms
[20Jan2025 22:30:24.431] [Render thread/WARN] [net.minecraft.server.packs.repository.Pack/]: Missing metadata in pack file/DataPackStuff.zip
[20Jan2025 22:30:25.370] [Render thread/INFO] [net.neoforged.neoforge.gametest.GameTestHooks/]: Enabled Gametest Namespaces: [plant_farms]
[20Jan2025 22:30:25.634] [Render thread/INFO] [net.minecraft.server.packs.resources.ReloadableResourceManager/]: Reloading ResourceManager: vanilla, mod_resources, mod/theoneprobe, mod/easy_villagers, mod/jade, mod/plant_farms, mod/neoforge, mod/corelib, mod/jei, file/Redstone.zip, file/Fullbright-SP-1.21.zip
[20Jan2025 22:30:25.789] [Worker-Main-5/ERROR] [net.minecraft.Util/]: Invalid path in pack: plant_farms:blockstates/nether/crimsonForest/crimson_farm.json, ignoring
[20Jan2025 22:30:25.789] [Worker-Main-5/WARN] [net.minecraft.Util/]: Did you remember to set a breakpoint here?
[20Jan2025 22:30:25.790] [Worker-Main-5/ERROR] [net.minecraft.Util/]: Invalid path in pack: plant_farms:blockstates/nether/warpedForest/warped_farm.json, ignoring
[20Jan2025 22:30:25.790] [Worker-Main-5/WARN] [net.minecraft.Util/]: Did you remember to set a breakpoint here?
[20Jan2025 22:30:25.791] [Worker-Main-5/ERROR] [net.minecraft.Util/]: Invalid path in pack: plant_farms:blockstates/overworld/aboveGround/crops/bamboo_farm.json, ignoring
[20Jan2025 22:30:25.791] [Worker-Main-5/WARN] [net.minecraft.Util/]: Did you remember to set a breakpoint here?
[20Jan2025 22:30:25.791] [Worker-Main-5/ERROR] [net.minecraft.Util/]: Invalid path in pack: plant_farms:blockstates/overworld/aboveGround/crops/beetroot_farm.json, ignoring
[20Jan2025 22:30:25.791] [Worker-Main-5/WARN] [net.minecraft.Util/]: Did you remember to set a breakpoint here?
[20Jan2025 22:30:25.791] [Worker-Main-5/ERROR] [net.minecraft.Util/]: Invalid path in pack: plant_farms:blockstates/overworld/aboveGround/crops/berry_farm.json, ignoring
[20Jan2025 22:30:25.791] [Worker-Main-5/WARN] [net.minecraft.Util/]: Did you remember to set a breakpoint here?
[20Jan2025 22:30:25.791] [Worker-Main-5/ERROR] [net.minecraft.Util/]: Invalid path in pack: plant_farms:blockstates/overworld/aboveGround/crops/carrot_farm.json, ignoring
[20Jan2025 22:30:25.791] [Worker-Main-5/WARN] [net.minecraft.Util/]: Did you remember to set a breakpoint here?
[20Jan2025 22:30:25.791] [Worker-Main-5/ERROR] [net.minecraft.Util/]: Invalid path in pack: plant_farms:blockstates/overworld/aboveGround/crops/coco_farm.json, ignoring
[20Jan2025 22:30:25.791] [Worker-Main-5/WARN] [net.minecraft.Util/]: Did you remember to set a breakpoint here?
[20Jan2025 22:30:25.792] [Worker-Main-5/ERROR] [net.minecraft.Util/]: Invalid path in pack: plant_farms:blockstates/overworld/aboveGround/crops/gcarrot_farm.json, ignoring
[20Jan2025 22:30:25.792] [Worker-Main-5/WARN] [net.minecraft.Util/]: Did you remember to set a breakpoint here?
[20Jan2025 22:30:25.792] [Worker-Main-5/ERROR] [net.minecraft.Util/]: Invalid path in pack: plant_farms:blockstates/overworld/aboveGround/crops/melon_farm.json, ignoring
[20Jan2025 22:30:25.792] [Worker-Main-5/WARN] [net.minecraft.Util/]: Did you remember to set a breakpoint here?
[20Jan2025 22:30:25.792] [Worker-Main-5/ERROR] [net.minecraft.Util/]: Invalid path in pack: plant_farms:blockstates/overworld/aboveGround/crops/potato_farm.json, ignoring
[20Jan2025 22:30:25.792] [Worker-Main-5/WARN] [net.minecraft.Util/]: Did you remember to set a breakpoint here?
[20Jan2025 22:30:25.792] [Worker-Main-5/ERROR] [net.minecraft.Util/]: Invalid path in pack: plant_farms:blockstates/overworld/aboveGround/crops/pumpkin_farm.json, ignoring
[20Jan2025 22:30:25.792] [Worker-Main-5/WARN] [net.minecraft.Util/]: Did you remember to set a breakpoint here?
[20Jan2025 22:30:25.792] [Worker-Main-5/ERROR] [net.minecraft.Util/]: Invalid path in pack: plant_farms:blockstates/overworld/aboveGround/crops/sugar_farm.json, ignoring
[20Jan2025 22:30:25.792] [Worker-Main-5/WARN] [net.minecraft.Util/]: Did you remember to set a breakpoint here?
[20Jan2025 22:30:25.792] [Worker-Main-5/ERROR] [net.minecraft.Util/]: Invalid path in pack: plant_farms:blockstates/overworld/aboveGround/crops/wheat_farm.json, ignoring
[20Jan2025 22:30:25.792] [Worker-Main-5/WARN] [net.minecraft.Util/]: Did you remember to set a breakpoint here?
[20Jan2025 22:30:25.793] [Worker-Main-5/ERROR] [net.minecraft.Util/]: Invalid path in pack: plant_farms:blockstates/overworld/aboveGround/flowers/allium_farm.json, ignoring
[20Jan2025 22:30:25.793] [Worker-Main-5/WARN] [net.minecraft.Util/]: Did you remember to set a breakpoint here?
[20Jan2025 22:30:25.793] [Worker-Main-7/ERROR] [net.minecraft.Util/]: Invalid path in pack: plant_farms:models/block/nether/crimsonForest/crimson_farm.json, ignoring
[20Jan2025 22:30:25.793] [Worker-Main-5/ERROR] [net.minecraft.Util/]: Invalid path in pack: plant_farms:blockstates/overworld/aboveGround/flowers/azure_farm.json, ignoring
[20Jan2025 22:30:25.793] [Worker-Main-7/WARN] [net.minecraft.Util/]: Did you remember to set a breakpoint here?
[20Jan2025 22:30:25.793] [Worker-Main-5/WARN] [net.minecraft.Util/]: Did you remember to set a breakpoint here?
[20Jan2025 22:30:25.793] [Worker-Main-5/ERROR] [net.minecraft.Util/]: Invalid path in pack: plant_farms:blockstates/overworld/aboveGround/flowers/cornflower_farm.json, ignoring
[20Jan2025 22:30:25.793] [Worker-Main-5/WARN] [net.minecraft.Util/]: Did you remember to set a breakpoint here?
[20Jan2025 22:30:25.793] [Worker-Main-5/ERROR] [net.minecraft.Util/]: Invalid path in pack: plant_farms:blockstates/overworld/aboveGround/flowers/daisy_farm.json, ignoring
[20Jan2025 22:30:25.793] [Worker-Main-5/WARN] [net.minecraft.Util/]: Did you remember to set a breakpoint here?
[20Jan2025 22:30:25.793] [Worker-Main-5/ERROR] [net.minecraft.Util/]: Invalid path in pack: plant_farms:blockstates/overworld/aboveGround/flowers/dandelion_farm.json, ignoring
[20Jan2025 22:30:25.793] [Worker-Main-5/WARN] [net.minecraft.Util/]: Did you remember to set a breakpoint here?
[20Jan2025 22:30:25.793] [Worker-Main-5/ERROR] [net.minecraft.Util/]: Invalid path in pack: plant_farms:blockstates/overworld/aboveGround/flowers/lilac_farm.json, ignoring
[20Jan2025 22:30:25.793] [Worker-Main-7/ERROR] [net.minecraft.Util/]: Invalid path in pack: plant_farms:models/block/nether/warpedForest/warped_farm.json, ignoring
[20Jan2025 22:30:25.793] [Worker-Main-5/WARN] [net.minecraft.Util/]: Did you remember to set a breakpoint here?
[20Jan2025 22:30:25.793] [Worker-Main-7/WARN] [net.minecraft.Util/]: Did you remember to set a breakpoint here?
[20Jan2025 22:30:25.793] [Worker-Main-5/ERROR] [net.minecraft.Util/]: Invalid path in pack: plant_farms:blockstates/overworld/aboveGround/flowers/lily_farm.json, ignoring
[20Jan2025 22:30:25.793] [Worker-Main-5/WARN] [net.minecraft.Util/]: Did you remember to set a breakpoint here?
[20Jan2025 22:30:25.793] [Worker-Main-5/ERROR] [net.minecraft.Util/]: Invalid path in pack: plant_farms:blockstates/overworld/aboveGround/flowers/orange_farm.json, ignoring
[20Jan2025 22:30:25.793] [Worker-Main-5/WARN] [net.minecraft.Util/]: Did you remember to set a breakpoint here?
[20Jan2025 22:30:25.793] [Worker-Main-5/ERROR] [net.minecraft.Util/]: Invalid path in pack: plant_farms:blockstates/overworld/aboveGround/flowers/orchid_farm.json, ignoring
[20Jan2025 22:30:25.793] [Worker-Main-5/WARN] [net.minecraft.Util/]: Did you remember to set a breakpoint here?
[20Jan2025 22:30:25.793] [Worker-Main-5/ERROR] [net.minecraft.Util/]: Invalid path in pack: plant_farms:blockstates/overworld/aboveGround/flowers/peony_farm.json, ignoring
[20Jan2025 22:30:25.794] [Worker-Main-5/WARN] [net.minecraft.Util/]: Did you remember to set a breakpoint here?
[20Jan2025 22:30:25.794] [Worker-Main-5/ERROR] [net.minecraft.Util/]: Invalid path in pack: plant_farms:blockstates/overworld/aboveGround/flowers/pink_farm.json, ignoring
[20Jan2025 22:30:25.794] [Worker-Main-5/WARN] [net.minecraft.Util/]: Did you remember to set a breakpoint here?
[20Jan2025 22:30:25.794] [Worker-Main-5/ERROR] [net.minecraft.Util/]: Invalid path in pack: plant_farms:blockstates/overworld/aboveGround/flowers/poppy_farm.json, ignoring
[20Jan2025 22:30:25.794] [Worker-Main-5/WARN] [net.minecraft.Util/]: Did you remember to set a breakpoint here?
[20Jan2025 22:30:25.794] [Worker-Main-5/ERROR] [net.minecraft.Util/]: Invalid path in pack: plant_farms:blockstates/overworld/aboveGround/flowers/red_farm.json, ignoring
[20Jan2025 22:30:25.794] [Worker-Main-5/WARN] [net.minecraft.Util/]: Did you remember to set a breakpoint here?
[20Jan2025 22:30:25.794] [Worker-Main-5/ERROR] [net.minecraft.Util/]: Invalid path in pack: plant_farms:blockstates/overworld/aboveGround/flowers/rose_farm.json, ignoring
[20Jan2025 22:30:25.794] [Worker-Main-5/WARN] [net.minecraft.Util/]: Did you remember to set a breakpoint here?
[20Jan2025 22:30:25.794] [Worker-Main-5/ERROR] [net.minecraft.Util/]: Invalid path in pack: plant_farms:blockstates/overworld/aboveGround/flowers/sunflower_farm.json, ignoring
[20Jan2025 22:30:25.794] [Worker-Main-5/WARN] [net.minecraft.Util/]: Did you remember to set a breakpoint here?
[20Jan2025 22:30:25.794] [Worker-Main-5/ERROR] [net.minecraft.Util/]: Invalid path in pack: plant_farms:blockstates/overworld/aboveGround/flowers/white_farm.json, ignoring
[20Jan2025 22:30:25.794] [Worker-Main-5/WARN] [net.minecraft.Util/]: Did you remember to set a breakpoint here?
[20Jan2025 22:30:25.794] [Worker-Main-5/ERROR] [net.minecraft.Util/]: Invalid path in pack: plant_farms:blockstates/overworld/aboveGround/miscellaneous/mushroom_farm.json, ignoring
[20Jan2025 22:30:25.794] [Worker-Main-5/WARN] [net.minecraft.Util/]: Did you remember to set a breakpoint here?
[20Jan2025 22:30:25.794] [Worker-Main-5/ERROR] [net.minecraft.Util/]: Invalid path in pack: plant_farms:blockstates/overworld/aboveGround/miscellaneous/vine_farm.json, ignoring
[20Jan2025 22:30:25.795] [Worker-Main-5/WARN] [net.minecraft.Util/]: Did you remember to set a breakpoint here?
[20Jan2025 22:30:25.795] [Worker-Main-5/ERROR] [net.minecraft.Util/]: Invalid path in pack: plant_farms:blockstates/overworld/aboveGround/trees/acacia_farm.json, ignoring
[20Jan2025 22:30:25.795] [Worker-Main-5/WARN] [net.minecraft.Util/]: Did you remember to set a breakpoint here?
[20Jan2025 22:30:25.795] [Worker-Main-5/ERROR] [net.minecraft.Util/]: Invalid path in pack: plant_farms:blockstates/overworld/aboveGround/trees/azalea_farm.json, ignoring
[20Jan2025 22:30:25.795] [Worker-Main-5/WARN] [net.minecraft.Util/]: Did you remember to set a breakpoint here?
[20Jan2025 22:30:25.795] [Worker-Main-5/ERROR] [net.minecraft.Util/]: Invalid path in pack: plant_farms:blockstates/overworld/aboveGround/trees/birch_farm.json, ignoring
[20Jan2025 22:30:25.795] [Worker-Main-5/WARN] [net.minecraft.Util/]: Did you remember to set a breakpoint here?
[20Jan2025 22:30:25.795] [Worker-Main-5/ERROR] [net.minecraft.Util/]: Invalid path in pack: plant_farms:blockstates/overworld/aboveGround/trees/cherry_farm.json, ignoring
[20Jan2025 22:30:25.795] [Worker-Main-5/WARN] [net.minecraft.Util/]: Did you remember to set a breakpoint here?
[20Jan2025 22:30:25.795] [Worker-Main-5/ERROR] [net.minecraft.Util/]: Invalid path in pack: plant_farms:blockstates/overworld/aboveGround/trees/dark_oak_farm.json, ignoring
[20Jan2025 22:30:25.795] [Worker-Main-5/WARN] [net.minecraft.Util/]: Did you remember to set a breakpoint here?
[20Jan2025 22:30:25.795] [Worker-Main-5/ERROR] [net.minecraft.Util/]: Invalid path in pack: plant_farms:blockstates/overworld/aboveGround/trees/jungle_farm.json, ignoring
[20Jan2025 22:30:25.795] [Worker-Main-5/WARN] [net.minecraft.Util/]: Did you remember to set a breakpoint here?
[20Jan2025 22:30:25.795] [Worker-Main-5/ERROR] [net.minecraft.Util/]: Invalid path in pack: plant_farms:blockstates/overworld/aboveGround/trees/mangrove_farm.json, ignoring
[20Jan2025 22:30:25.795] [Worker-Main-5/WARN] [net.minecraft.Util/]: Did you remember to set a breakpoint here?
[20Jan2025 22:30:25.795] [Worker-Main-5/ERROR] [net.minecraft.Util/]: Invalid path in pack: plant_farms:blockstates/overworld/aboveGround/trees/oak_farm.json, ignoring
[20Jan2025 22:30:25.796] [Worker-Main-5/WARN] [net.minecraft.Util/]: Did you remember to set a breakpoint here?
[20Jan2025 22:30:25.796] [Worker-Main-5/ERROR] [net.minecraft.Util/]: Invalid path in pack: plant_farms:blockstates/overworld/aboveGround/trees/spruce_farm.json, ignoring
[20Jan2025 22:30:25.796] [Worker-Main-5/WARN] [net.minecraft.Util/]: Did you remember to set a breakpoint here?
[20Jan2025 22:30:25.798] [Worker-Main-7/ERROR] [net.minecraft.Util/]: Invalid path in pack: plant_farms:models/item/nether/crimsonForest/crimson_farm.json, ignoring
[20Jan2025 22:30:25.798] [Worker-Main-7/WARN] [net.minecraft.Util/]: Did you remember to set a breakpoint here?
[20Jan2025 22:30:25.798] [Worker-Main-7/ERROR] [net.minecraft.Util/]: Invalid path in pack: plant_farms:models/item/nether/warpedForest/warped_farm.json, ignoring
[20Jan2025 22:30:25.799] [Worker-Main-7/WARN] [net.minecraft.Util/]: Did you remember to set a breakpoint here?
[20Jan2025 22:30:25.799] [Worker-Main-7/ERROR] [net.minecraft.Util/]: Invalid path in pack: plant_farms:models/item/overworld/aboveGround/crops/bamboo_farm.json, ignoring
[20Jan2025 22:30:25.799] [Worker-Main-7/WARN] [net.minecraft.Util/]: Did you remember to set a breakpoint here?
[20Jan2025 22:30:25.799] [Worker-Main-7/ERROR] [net.minecraft.Util/]: Invalid path in pack: plant_farms:models/item/overworld/aboveGround/crops/beetroot_farm.json, ignoring
[20Jan2025 22:30:25.799] [Worker-Main-7/WARN] [net.minecraft.Util/]: Did you remember to set a breakpoint here?
[20Jan2025 22:30:25.799] [Worker-Main-7/ERROR] [net.minecraft.Util/]: Invalid path in pack: plant_farms:models/item/overworld/aboveGround/crops/berry_farm.json, ignoring
[20Jan2025 22:30:25.799] [Worker-Main-7/WARN] [net.minecraft.Util/]: Did you remember to set a breakpoint here?
[20Jan2025 22:30:25.799] [Worker-Main-7/ERROR] [net.minecraft.Util/]: Invalid path in pack: plant_farms:models/item/overworld/aboveGround/crops/carrot_farm.json, ignoring
[20Jan2025 22:30:25.799] [Worker-Main-7/WARN] [net.minecraft.Util/]: Did you remember to set a breakpoint here?
[20Jan2025 22:30:25.799] [Worker-Main-7/ERROR] [net.minecraft.Util/]: Invalid path in pack: plant_farms:models/item/overworld/aboveGround/crops/coco_farm.json, ignoring
[20Jan2025 22:30:25.799] [Worker-Main-7/WARN] [net.minecraft.Util/]: Did you remember to set a breakpoint here?
[20Jan2025 22:30:25.799] [Worker-Main-7/ERROR] [net.minecraft.Util/]: Invalid path in pack: plant_farms:models/item/overworld/aboveGround/crops/gcarrot_farm.json, ignoring
[20Jan2025 22:30:25.799] [Worker-Main-7/WARN] [net.minecraft.Util/]: Did you remember to set a breakpoint here?
[20Jan2025 22:30:25.799] [Worker-Main-7/ERROR] [net.minecraft.Util/]: Invalid path in pack: plant_farms:models/item/overworld/aboveGround/crops/melon_farm.json, ignoring
[20Jan2025 22:30:25.799] [Worker-Main-7/WARN] [net.minecraft.Util/]: Did you remember to set a breakpoint here?
[20Jan2025 22:30:25.799] [Worker-Main-7/ERROR] [net.minecraft.Util/]: Invalid path in pack: plant_farms:models/item/overworld/aboveGround/crops/potato_farm.json, ignoring
[20Jan2025 22:30:25.801] [Worker-Main-7/WARN] [net.minecraft.Util/]: Did you remember to set a breakpoint here?
[20Jan2025 22:30:25.801] [Worker-Main-7/ERROR] [net.minecraft.Util/]: Invalid path in pack: plant_farms:models/item/overworld/aboveGround/crops/pumpkin_farm.json, ignoring
[20Jan2025 22:30:25.801] [Worker-Main-7/WARN] [net.minecraft.Util/]: Did you remember to set a breakpoint here?
[20Jan2025 22:30:25.801] [Worker-Main-7/ERROR] [net.minecraft.Util/]: Invalid path in pack: plant_farms:models/item/overworld/aboveGround/crops/sugar_farm.json, ignoring
[20Jan2025 22:30:25.801] [Worker-Main-7/WARN] [net.minecraft.Util/]: Did you remember to set a breakpoint here?
[20Jan2025 22:30:25.801] [Worker-Main-7/ERROR] [net.minecraft.Util/]: Invalid path in pack: plant_farms:models/item/overworld/aboveGround/crops/wheat_farm.json, ignoring
[20Jan2025 22:30:25.801] [Worker-Main-7/WARN] [net.minecraft.Util/]: Did you remember to set a breakpoint here?
[20Jan2025 22:30:25.801] [Worker-Main-7/ERROR] [net.minecraft.Util/]: Invalid path in pack: plant_farms:models/item/overworld/aboveGround/flowers/allium_farm.json, ignoring
[20Jan2025 22:30:25.801] [Worker-Main-7/WARN] [net.minecraft.Util/]: Did you remember to set a breakpoint here?
[20Jan2025 22:30:25.801] [Worker-Main-7/ERROR] [net.minecraft.Util/]: Invalid path in pack: plant_farms:models/item/overworld/aboveGround/flowers/azure_farm.json, ignoring
[20Jan2025 22:30:25.801] [Worker-Main-7/WARN] [net.minecraft.Util/]: Did you remember to set a breakpoint here?
[20Jan2025 22:30:25.801] [Worker-Main-7/ERROR] [net.minecraft.Util/]: Invalid path in pack: plant_farms:models/item/overworld/aboveGround/flowers/cornflower_farm.json, ignoring
[20Jan2025 22:30:25.801] [Worker-Main-7/WARN] [net.minecraft.Util/]: Did you remember to set a breakpoint here?
[20Jan2025 22:30:25.801] [Worker-Main-7/ERROR] [net.minecraft.Util/]: Invalid path in pack: plant_farms:models/item/overworld/aboveGround/flowers/daisy_farm.json, ignoring
[20Jan2025 22:30:25.802] [Worker-Main-7/WARN] [net.minecraft.Util/]: Did you remember to set a breakpoint here?
[20Jan2025 22:30:25.802] [Worker-Main-7/ERROR] [net.minecraft.Util/]: Invalid path in pack: plant_farms:models/item/overworld/aboveGround/flowers/dandelion_farm.json, ignoring
[20Jan2025 22:30:25.802] [Worker-Main-7/WARN] [net.minecraft.Util/]: Did you remember to set a breakpoint here?
[20Jan2025 22:30:25.802] [Worker-Main-7/ERROR] [net.minecraft.Util/]: Invalid path in pack: plant_farms:models/item/overworld/aboveGround/flowers/lilac_farm.json, ignoring
[20Jan2025 22:30:25.802] [Worker-Main-7/WARN] [net.minecraft.Util/]: Did you remember to set a breakpoint here?
[20Jan2025 22:30:25.802] [Worker-Main-7/ERROR] [net.minecraft.Util/]: Invalid path in pack: plant_farms:models/item/overworld/aboveGround/flowers/lily_farm.json, ignoring
[20Jan2025 22:30:25.802] [Worker-Main-7/WARN] [net.minecraft.Util/]: Did you remember to set a breakpoint here?
[20Jan2025 22:30:25.802] [Worker-Main-7/ERROR] [net.minecraft.Util/]: Invalid path in pack: plant_farms:models/item/overworld/aboveGround/flowers/orange_farm.json, ignoring
[20Jan2025 22:30:25.802] [Worker-Main-7/WARN] [net.minecraft.Util/]: Did you remember to set a breakpoint here?
[20Jan2025 22:30:25.802] [Worker-Main-7/ERROR] [net.minecraft.Util/]: Invalid path in pack: plant_farms:models/item/overworld/aboveGround/flowers/orchid_farm.json, ignoring
[20Jan2025 22:30:25.802] [Worker-Main-7/WARN] [net.minecraft.Util/]: Did you remember to set a breakpoint here?
[20Jan2025 22:30:25.802] [Worker-Main-7/ERROR] [net.minecraft.Util/]: Invalid path in pack: plant_farms:models/item/overworld/aboveGround/flowers/peony_farm.json, ignoring
[20Jan2025 22:30:25.802] [Worker-Main-7/WARN] [net.minecraft.Util/]: Did you remember to set a breakpoint here?
[20Jan2025 22:30:25.802] [Worker-Main-7/ERROR] [net.minecraft.Util/]: Invalid path in pack: plant_farms:models/item/overworld/aboveGround/flowers/pink_farm.json, ignoring
[20Jan2025 22:30:25.802] [Worker-Main-7/WARN] [net.minecraft.Util/]: Did you remember to set a breakpoint here?
[20Jan2025 22:30:25.802] [Worker-Main-7/ERROR] [net.minecraft.Util/]: Invalid path in pack: plant_farms:models/item/overworld/aboveGround/flowers/poppy_farm.json, ignoring
[20Jan2025 22:30:25.802] [Worker-Main-7/WARN] [net.minecraft.Util/]: Did you remember to set a breakpoint here?
[20Jan2025 22:30:25.802] [Worker-Main-7/ERROR] [net.minecraft.Util/]: Invalid path in pack: plant_farms:models/item/overworld/aboveGround/flowers/red_farm.json, ignoring
[20Jan2025 22:30:25.802] [Worker-Main-7/WARN] [net.minecraft.Util/]: Did you remember to set a breakpoint here?
[20Jan2025 22:30:25.802] [Worker-Main-7/ERROR] [net.minecraft.Util/]: Invalid path in pack: plant_farms:models/item/overworld/aboveGround/flowers/rose_farm.json, ignoring
[20Jan2025 22:30:25.803] [Worker-Main-7/WARN] [net.minecraft.Util/]: Did you remember to set a breakpoint here?
[20Jan2025 22:30:25.803] [Worker-Main-7/ERROR] [net.minecraft.Util/]: Invalid path in pack: plant_farms:models/item/overworld/aboveGround/flowers/sunflower_farm.json, ignoring
[20Jan2025 22:30:25.803] [Worker-Main-7/WARN] [net.minecraft.Util/]: Did you remember to set a breakpoint here?
[20Jan2025 22:30:25.803] [Worker-Main-7/ERROR] [net.minecraft.Util/]: Invalid path in pack: plant_farms:models/item/overworld/aboveGround/flowers/white_farm.json, ignoring
[20Jan2025 22:30:25.803] [Worker-Main-7/WARN] [net.minecraft.Util/]: Did you remember to set a breakpoint here?
[20Jan2025 22:30:25.803] [Worker-Main-7/ERROR] [net.minecraft.Util/]: Invalid path in pack: plant_farms:models/item/overworld/aboveGround/miscellaneous/mushroom_farm.json, ignoring
[20Jan2025 22:30:25.803] [Worker-Main-7/WARN] [net.minecraft.Util/]: Did you remember to set a breakpoint here?
[20Jan2025 22:30:25.803] [Worker-Main-7/ERROR] [net.minecraft.Util/]: Invalid path in pack: plant_farms:models/item/overworld/aboveGround/miscellaneous/vine_farm.json, ignoring
[20Jan2025 22:30:25.803] [Worker-Main-7/WARN] [net.minecraft.Util/]: Did you remember to set a breakpoint here?
[20Jan2025 22:30:25.804] [Worker-Main-7/ERROR] [net.minecraft.Util/]: Invalid path in pack: plant_farms:models/item/overworld/aboveGround/trees/acacia_farm.json, ignoring
[20Jan2025 22:30:25.804] [Worker-Main-7/WARN] [net.minecraft.Util/]: Did you remember to set a breakpoint here?
[20Jan2025 22:30:25.804] [Worker-Main-7/ERROR] [net.minecraft.Util/]: Invalid path in pack: plant_farms:models/item/overworld/aboveGround/trees/azalea_farm.json, ignoring
[20Jan2025 22:30:25.804] [Worker-Main-7/WARN] [net.minecraft.Util/]: Did you remember to set a breakpoint here?
[20Jan2025 22:30:25.804] [Worker-Main-7/ERROR] [net.minecraft.Util/]: Invalid path in pack: plant_farms:models/item/overworld/aboveGround/trees/birch_farm.json, ignoring
[20Jan2025 22:30:25.804] [Worker-Main-7/WARN] [net.minecraft.Util/]: Did you remember to set a breakpoint here?
[20Jan2025 22:30:25.804] [Worker-Main-7/ERROR] [net.minecraft.Util/]: Invalid path in pack: plant_farms:models/item/overworld/aboveGround/trees/cherry_farm.json, ignoring
[20Jan2025 22:30:25.804] [Worker-Main-7/WARN] [net.minecraft.Util/]: Did you remember to set a breakpoint here?
[20Jan2025 22:30:25.804] [Worker-Main-7/ERROR] [net.minecraft.Util/]: Invalid path in pack: plant_farms:models/item/overworld/aboveGround/trees/dark_oak_farm.json, ignoring
[20Jan2025 22:30:25.804] [Worker-Main-7/WARN] [net.minecraft.Util/]: Did you remember to set a breakpoint here?
[20Jan2025 22:30:25.804] [Worker-Main-7/ERROR] [net.minecraft.Util/]: Invalid path in pack: plant_farms:models/item/overworld/aboveGround/trees/jungle_farm.json, ignoring
[20Jan2025 22:30:25.804] [Worker-Main-7/WARN] [net.minecraft.Util/]: Did you remember to set a breakpoint here?
[20Jan2025 22:30:25.804] [Worker-Main-7/ERROR] [net.minecraft.Util/]: Invalid path in pack: plant_farms:models/item/overworld/aboveGround/trees/mangrove_farm.json, ignoring
[20Jan2025 22:30:25.804] [Worker-Main-7/WARN] [net.minecraft.Util/]: Did you remember to set a breakpoint here?
[20Jan2025 22:30:25.804] [Worker-Main-7/ERROR] [net.minecraft.Util/]: Invalid path in pack: plant_farms:models/item/overworld/aboveGround/trees/oak_farm.json, ignoring
[20Jan2025 22:30:25.804] [Worker-Main-7/WARN] [net.minecraft.Util/]: Did you remember to set a breakpoint here?
[20Jan2025 22:30:25.804] [Worker-Main-7/ERROR] [net.minecraft.Util/]: Invalid path in pack: plant_farms:models/item/overworld/aboveGround/trees/spruce_farm.json, ignoring
[20Jan2025 22:30:25.804] [Worker-Main-7/WARN] [net.minecraft.Util/]: Did you remember to set a breakpoint here?
[20Jan2025 22:30:25.872] [Forge Version Check/INFO] [net.neoforged.fml.VersionChecker/]: [easy_villagers] Starting version check at https://update.maxhenkel.de/neoforge/easy_villagers
[20Jan2025 22:30:25.898] [Worker-Main-8/INFO] [net.minecraft.client.gui.font.providers.UnihexProvider/]: Found unifont_all_no_pua-15.1.05.hex, loading
[20Jan2025 22:30:26.106] [Worker-Main-5/INFO] [net.minecraft.client.gui.font.providers.UnihexProvider/]: Found unifont_jp_patch-15.1.05.hex, loading
[20Jan2025 22:30:26.319] [Worker-Main-2/WARN] [net.minecraft.client.renderer.texture.SpriteLoader/]: Texture plant_farms:block/water_still with size 25x25 limits mip level from 4 to 0
[20Jan2025 22:30:27.391] [Worker-Main-6/WARN] [net.minecraft.client.resources.model.ModelBakery/]: Unable to load model: 'plant_farms:item/icon_item' referenced from: plant_farms:item/icon_item: java.io.FileNotFoundException: plant_farms:models/item/icon_item.json
[20Jan2025 22:30:27.680] [Forge Version Check/INFO] [net.neoforged.fml.VersionChecker/]: [easy_villagers] Found status: BETA Current: 1.21.1-1.1.23 Target: 1.21.1-1.1.23
[20Jan2025 22:30:28.520] [Worker-Main-11/INFO] [snownee.jade.Jade/]: Start loading plugin from de.maxhenkel.easyvillagers.integration.waila.PluginEasyVillagers
[20Jan2025 22:30:28.551] [Worker-Main-11/INFO] [snownee.jade.Jade/]: Bootstrapped plugin from de.maxhenkel.easyvillagers.integration.waila.PluginEasyVillagers in 27.95 ms
[20Jan2025 22:30:28.565] [Worker-Main-11/INFO] [snownee.jade.Jade/]: Loaded plugin from de.maxhenkel.easyvillagers.integration.waila.PluginEasyVillagers in 41.94 ms
[20Jan2025 22:30:28.565] [Worker-Main-11/INFO] [snownee.jade.Jade/]: Start loading plugin from snownee.jade.addon.vanilla.VanillaPlugin
[20Jan2025 22:30:28.609] [Worker-Main-11/INFO] [snownee.jade.Jade/]: Bootstrapped plugin from snownee.jade.addon.vanilla.VanillaPlugin in 41.54 ms
[20Jan2025 22:30:28.616] [Worker-Main-11/INFO] [snownee.jade.Jade/]: Loaded plugin from snownee.jade.addon.vanilla.VanillaPlugin in 48.23 ms
[20Jan2025 22:30:28.616] [Worker-Main-11/INFO] [snownee.jade.Jade/]: Start loading plugin from snownee.jade.addon.universal.UniversalPlugin
[20Jan2025 22:30:28.625] [Worker-Main-11/INFO] [snownee.jade.Jade/]: Bootstrapped plugin from snownee.jade.addon.universal.UniversalPlugin in 9.051 ms
[20Jan2025 22:30:28.626] [Worker-Main-11/INFO] [snownee.jade.Jade/]: Loaded plugin from snownee.jade.addon.universal.UniversalPlugin in 9.425 ms
[20Jan2025 22:30:28.626] [Worker-Main-11/INFO] [snownee.jade.Jade/]: Start loading plugin from snownee.jade.addon.debug.DebugPlugin
[20Jan2025 22:30:28.631] [Worker-Main-11/INFO] [snownee.jade.Jade/]: Bootstrapped plugin from snownee.jade.addon.debug.DebugPlugin in 4.860 ms
[20Jan2025 22:30:28.631] [Worker-Main-11/INFO] [snownee.jade.Jade/]: Loaded plugin from snownee.jade.addon.debug.DebugPlugin in 5.168 ms
[20Jan2025 22:30:28.631] [Worker-Main-11/INFO] [snownee.jade.Jade/]: Start loading plugin from snownee.jade.addon.core.CorePlugin
[20Jan2025 22:30:28.641] [Worker-Main-11/INFO] [snownee.jade.Jade/]: Bootstrapped plugin from snownee.jade.addon.core.CorePlugin in 7.530 ms
[20Jan2025 22:30:28.641] [Worker-Main-11/INFO] [snownee.jade.Jade/]: Loaded plugin from snownee.jade.addon.core.CorePlugin in 7.868 ms
[20Jan2025 22:30:28.641] [Worker-Main-11/INFO] [snownee.jade.Jade/]: Start loading plugin from snownee.jade.addon.access.AccessibilityPlugin
[20Jan2025 22:30:28.649] [Worker-Main-11/INFO] [snownee.jade.Jade/]: Bootstrapped plugin from snownee.jade.addon.access.AccessibilityPlugin in 5.924 ms
[20Jan2025 22:30:28.649] [Worker-Main-11/INFO] [snownee.jade.Jade/]: Loaded plugin from snownee.jade.addon.access.AccessibilityPlugin in 6.306 ms
[20Jan2025 22:30:28.649] [Worker-Main-11/INFO] [snownee.jade.Jade/]: Start loading plugin from com.awesomeshot5051.plantfarms.integration.waila.PluginEasyVillagers
[20Jan2025 22:30:28.654] [Worker-Main-11/INFO] [snownee.jade.Jade/]: Bootstrapped plugin from com.awesomeshot5051.plantfarms.integration.waila.PluginEasyVillagers in 2.089 ms
[20Jan2025 22:30:28.655] [Worker-Main-11/INFO] [snownee.jade.Jade/]: Loaded plugin from com.awesomeshot5051.plantfarms.integration.waila.PluginEasyVillagers in 2.565 ms
[20Jan2025 22:30:28.945] [Render thread/WARN] [net.minecraft.client.sounds.SoundEngine/]: Missing sound for event: minecraft:item.goat_horn.play
[20Jan2025 22:30:28.946] [Render thread/WARN] [net.minecraft.client.sounds.SoundEngine/]: Missing sound for event: minecraft:entity.goat.screaming.horn_break
[20Jan2025 22:30:29.579] [Render thread/INFO] [com.mojang.blaze3d.audio.Library/]: OpenAL initialized on device OpenAL Soft on Speakers (Realtek(R) Audio)
[20Jan2025 22:30:29.580] [Render thread/INFO] [net.minecraft.client.sounds.SoundEngine/SOUNDS]: Sound engine started
[20Jan2025 22:30:29.699] [Render thread/INFO] [net.minecraft.client.renderer.texture.TextureAtlas/]: Created: 1024x512x4 minecraft:textures/atlas/blocks.png-atlas
[20Jan2025 22:30:29.711] [Render thread/INFO] [net.minecraft.client.renderer.texture.TextureAtlas/]: Created: 256x256x4 minecraft:textures/atlas/signs.png-atlas
[20Jan2025 22:30:29.711] [Render thread/INFO] [net.minecraft.client.renderer.texture.TextureAtlas/]: Created: 512x512x4 minecraft:textures/atlas/shield_patterns.png-atlas
[20Jan2025 22:30:29.712] [Render thread/INFO] [net.minecraft.client.renderer.texture.TextureAtlas/]: Created: 512x512x4 minecraft:textures/atlas/banner_patterns.png-atlas
[20Jan2025 22:30:29.713] [Render thread/INFO] [net.minecraft.client.renderer.texture.TextureAtlas/]: Created: 1024x1024x4 minecraft:textures/atlas/armor_trims.png-atlas
[20Jan2025 22:30:29.721] [Render thread/INFO] [net.minecraft.client.renderer.texture.TextureAtlas/]: Created: 128x64x4 minecraft:textures/atlas/decorated_pot.png-atlas
[20Jan2025 22:30:29.722] [Render thread/INFO] [net.minecraft.client.renderer.texture.TextureAtlas/]: Created: 256x256x4 minecraft:textures/atlas/chest.png-atlas
[20Jan2025 22:30:29.722] [Render thread/INFO] [net.minecraft.client.renderer.texture.TextureAtlas/]: Created: 512x256x4 minecraft:textures/atlas/shulker_boxes.png-atlas
[20Jan2025 22:30:29.722] [Render thread/INFO] [net.minecraft.client.renderer.texture.TextureAtlas/]: Created: 512x256x4 minecraft:textures/atlas/beds.png-atlas
[20Jan2025 22:30:30.057] [Render thread/INFO] [net.minecraft.client.renderer.texture.TextureAtlas/]: Created: 512x256x0 minecraft:textures/atlas/particles.png-atlas
[20Jan2025 22:30:30.059] [Render thread/INFO] [net.minecraft.client.renderer.texture.TextureAtlas/]: Created: 512x256x0 minecraft:textures/atlas/paintings.png-atlas
[20Jan2025 22:30:30.059] [Render thread/INFO] [net.minecraft.client.renderer.texture.TextureAtlas/]: Created: 256x128x0 minecraft:textures/atlas/mob_effects.png-atlas
[20Jan2025 22:30:30.059] [Render thread/INFO] [net.minecraft.client.renderer.texture.TextureAtlas/]: Created: 64x64x0 minecraft:textures/atlas/map_decorations.png-atlas
[20Jan2025 22:30:30.059] [Render thread/INFO] [net.minecraft.client.renderer.texture.TextureAtlas/]: Created: 1024x512x0 minecraft:textures/atlas/gui.png-atlas
[20Jan2025 22:30:30.137] [Render thread/WARN] [net.minecraft.client.renderer.ShaderInstance/]: Shader rendertype_entity_translucent_emissive could not find sampler named Sampler2 in the specified shader program.
[20Jan2025 22:30:30.261] [Render thread/INFO] [net.neoforged.neoforge.client.entity.animation.json.AnimationLoader/]: Loaded 0 entity animations
[20Jan2025 22:30:30.261] [Render thread/INFO] [net.minecraft.client.renderer.texture.TextureAtlas/]: Created: 256x256x0 jei:textures/atlas/gui.png-atlas
[20Jan2025 22:30:33.972] [Worker-Main-7/ERROR] [net.minecraft.Util/]: Invalid path in pack: plant_farms:loot_table/blocks/nether/crimsonForest/crimson_farm.json, ignoring
[20Jan2025 22:30:33.972] [Worker-Main-7/WARN] [net.minecraft.Util/]: Did you remember to set a breakpoint here?
[20Jan2025 22:30:33.972] [Worker-Main-7/ERROR] [net.minecraft.Util/]: Invalid path in pack: plant_farms:loot_table/blocks/nether/warpedForest/warped_farm.json, ignoring
[20Jan2025 22:30:33.972] [Worker-Main-7/WARN] [net.minecraft.Util/]: Did you remember to set a breakpoint here?
[20Jan2025 22:30:33.973] [Worker-Main-7/ERROR] [net.minecraft.Util/]: Invalid path in pack: plant_farms:loot_table/blocks/overworld/aboveGround/crops/bamboo_farm.json, ignoring
[20Jan2025 22:30:33.973] [Worker-Main-7/WARN] [net.minecraft.Util/]: Did you remember to set a breakpoint here?
[20Jan2025 22:30:33.973] [Worker-Main-7/ERROR] [net.minecraft.Util/]: Invalid path in pack: plant_farms:loot_table/blocks/overworld/aboveGround/crops/beetroot_farm.json, ignoring
[20Jan2025 22:30:33.973] [Worker-Main-7/WARN] [net.minecraft.Util/]: Did you remember to set a breakpoint here?
[20Jan2025 22:30:33.973] [Worker-Main-7/ERROR] [net.minecraft.Util/]: Invalid path in pack: plant_farms:loot_table/blocks/overworld/aboveGround/crops/berry_farm.json, ignoring
[20Jan2025 22:30:33.973] [Worker-Main-7/WARN] [net.minecraft.Util/]: Did you remember to set a breakpoint here?
[20Jan2025 22:30:33.973] [Worker-Main-7/ERROR] [net.minecraft.Util/]: Invalid path in pack: plant_farms:loot_table/blocks/overworld/aboveGround/crops/carrot_farm.json, ignoring
[20Jan2025 22:30:33.973] [Worker-Main-7/WARN] [net.minecraft.Util/]: Did you remember to set a breakpoint here?
[20Jan2025 22:30:33.973] [Worker-Main-7/ERROR] [net.minecraft.Util/]: Invalid path in pack: plant_farms:loot_table/blocks/overworld/aboveGround/crops/coco_farm.json, ignoring
[20Jan2025 22:30:33.973] [Worker-Main-7/WARN] [net.minecraft.Util/]: Did you remember to set a breakpoint here?
[20Jan2025 22:30:33.973] [Worker-Main-7/ERROR] [net.minecraft.Util/]: Invalid path in pack: plant_farms:loot_table/blocks/overworld/aboveGround/crops/gcarrot_farm.json, ignoring
[20Jan2025 22:30:33.973] [Worker-Main-7/WARN] [net.minecraft.Util/]: Did you remember to set a breakpoint here?
[20Jan2025 22:30:33.973] [Worker-Main-7/ERROR] [net.minecraft.Util/]: Invalid path in pack: plant_farms:loot_table/blocks/overworld/aboveGround/crops/melon_farm.json, ignoring
[20Jan2025 22:30:33.973] [Worker-Main-7/WARN] [net.minecraft.Util/]: Did you remember to set a breakpoint here?
[20Jan2025 22:30:33.973] [Worker-Main-7/ERROR] [net.minecraft.Util/]: Invalid path in pack: plant_farms:loot_table/blocks/overworld/aboveGround/crops/potato_farm.json, ignoring
[20Jan2025 22:30:33.973] [Worker-Main-7/WARN] [net.minecraft.Util/]: Did you remember to set a breakpoint here?
[20Jan2025 22:30:33.974] [Worker-Main-7/ERROR] [net.minecraft.Util/]: Invalid path in pack: plant_farms:loot_table/blocks/overworld/aboveGround/crops/pumpkin_farm.json, ignoring
[20Jan2025 22:30:33.974] [Worker-Main-7/WARN] [net.minecraft.Util/]: Did you remember to set a breakpoint here?
[20Jan2025 22:30:33.974] [Worker-Main-7/ERROR] [net.minecraft.Util/]: Invalid path in pack: plant_farms:loot_table/blocks/overworld/aboveGround/crops/sugar_farm.json, ignoring
[20Jan2025 22:30:33.974] [Worker-Main-7/WARN] [net.minecraft.Util/]: Did you remember to set a breakpoint here?
[20Jan2025 22:30:33.974] [Worker-Main-7/ERROR] [net.minecraft.Util/]: Invalid path in pack: plant_farms:loot_table/blocks/overworld/aboveGround/crops/wheat_farm.json, ignoring
[20Jan2025 22:30:33.974] [Worker-Main-7/WARN] [net.minecraft.Util/]: Did you remember to set a breakpoint here?
[20Jan2025 22:30:33.974] [Worker-Main-7/ERROR] [net.minecraft.Util/]: Invalid path in pack: plant_farms:loot_table/blocks/overworld/aboveGround/flowers/allium_farm.json, ignoring
[20Jan2025 22:30:33.974] [Worker-Main-7/WARN] [net.minecraft.Util/]: Did you remember to set a breakpoint here?
[20Jan2025 22:30:33.974] [Worker-Main-7/ERROR] [net.minecraft.Util/]: Invalid path in pack: plant_farms:loot_table/blocks/overworld/aboveGround/flowers/azure_farm.json, ignoring
[20Jan2025 22:30:33.974] [Worker-Main-7/WARN] [net.minecraft.Util/]: Did you remember to set a breakpoint here?
[20Jan2025 22:30:33.974] [Worker-Main-7/ERROR] [net.minecraft.Util/]: Invalid path in pack: plant_farms:loot_table/blocks/overworld/aboveGround/flowers/cornflower_farm.json, ignoring
[20Jan2025 22:30:33.974] [Worker-Main-7/WARN] [net.minecraft.Util/]: Did you remember to set a breakpoint here?
[20Jan2025 22:30:33.974] [Worker-Main-7/ERROR] [net.minecraft.Util/]: Invalid path in pack: plant_farms:loot_table/blocks/overworld/aboveGround/flowers/daisy_farm.json, ignoring
[20Jan2025 22:30:33.974] [Worker-Main-7/WARN] [net.minecraft.Util/]: Did you remember to set a breakpoint here?
[20Jan2025 22:30:33.974] [Worker-Main-7/ERROR] [net.minecraft.Util/]: Invalid path in pack: plant_farms:loot_table/blocks/overworld/aboveGround/flowers/dandelion_farm.json, ignoring
[20Jan2025 22:30:33.974] [Worker-Main-7/WARN] [net.minecraft.Util/]: Did you remember to set a breakpoint here?
[20Jan2025 22:30:33.974] [Worker-Main-7/ERROR] [net.minecraft.Util/]: Invalid path in pack: plant_farms:loot_table/blocks/overworld/aboveGround/flowers/lilac_farm.json, ignoring
[20Jan2025 22:30:33.974] [Worker-Main-7/WARN] [net.minecraft.Util/]: Did you remember to set a breakpoint here?
[20Jan2025 22:30:33.974] [Worker-Main-7/ERROR] [net.minecraft.Util/]: Invalid path in pack: plant_farms:loot_table/blocks/overworld/aboveGround/flowers/lily_farm.json, ignoring
[20Jan2025 22:30:33.974] [Worker-Main-7/WARN] [net.minecraft.Util/]: Did you remember to set a breakpoint here?
[20Jan2025 22:30:33.974] [Worker-Main-7/ERROR] [net.minecraft.Util/]: Invalid path in pack: plant_farms:loot_table/blocks/overworld/aboveGround/flowers/orange_farm.json, ignoring
[20Jan2025 22:30:33.975] [Worker-Main-7/WARN] [net.minecraft.Util/]: Did you remember to set a breakpoint here?
[20Jan2025 22:30:33.975] [Worker-Main-7/ERROR] [net.minecraft.Util/]: Invalid path in pack: plant_farms:loot_table/blocks/overworld/aboveGround/flowers/orchid_farm.json, ignoring
[20Jan2025 22:30:33.975] [Worker-Main-7/WARN] [net.minecraft.Util/]: Did you remember to set a breakpoint here?
[20Jan2025 22:30:33.975] [Worker-Main-7/ERROR] [net.minecraft.Util/]: Invalid path in pack: plant_farms:loot_table/blocks/overworld/aboveGround/flowers/peony_farm.json, ignoring
[20Jan2025 22:30:33.975] [Worker-Main-7/WARN] [net.minecraft.Util/]: Did you remember to set a breakpoint here?
[20Jan2025 22:30:33.975] [Worker-Main-7/ERROR] [net.minecraft.Util/]: Invalid path in pack: plant_farms:loot_table/blocks/overworld/aboveGround/flowers/pink_farm.json, ignoring
[20Jan2025 22:30:33.975] [Worker-Main-7/WARN] [net.minecraft.Util/]: Did you remember to set a breakpoint here?
[20Jan2025 22:30:33.975] [Worker-Main-7/ERROR] [net.minecraft.Util/]: Invalid path in pack: plant_farms:loot_table/blocks/overworld/aboveGround/flowers/poppy_farm.json, ignoring
[20Jan2025 22:30:33.975] [Worker-Main-7/WARN] [net.minecraft.Util/]: Did you remember to set a breakpoint here?
[20Jan2025 22:30:33.975] [Worker-Main-7/ERROR] [net.minecraft.Util/]: Invalid path in pack: plant_farms:loot_table/blocks/overworld/aboveGround/flowers/red_farm.json, ignoring
[20Jan2025 22:30:33.975] [Worker-Main-7/WARN] [net.minecraft.Util/]: Did you remember to set a breakpoint here?
[20Jan2025 22:30:33.975] [Worker-Main-7/ERROR] [net.minecraft.Util/]: Invalid path in pack: plant_farms:loot_table/blocks/overworld/aboveGround/flowers/rose_farm.json, ignoring
[20Jan2025 22:30:33.975] [Worker-Main-7/WARN] [net.minecraft.Util/]: Did you remember to set a breakpoint here?
[20Jan2025 22:30:33.975] [Worker-Main-7/ERROR] [net.minecraft.Util/]: Invalid path in pack: plant_farms:loot_table/blocks/overworld/aboveGround/flowers/sunflower_farm.json, ignoring
[20Jan2025 22:30:33.975] [Worker-Main-7/WARN] [net.minecraft.Util/]: Did you remember to set a breakpoint here?
[20Jan2025 22:30:33.975] [Worker-Main-7/ERROR] [net.minecraft.Util/]: Invalid path in pack: plant_farms:loot_table/blocks/overworld/aboveGround/flowers/white_farm.json, ignoring
[20Jan2025 22:30:33.975] [Worker-Main-7/WARN] [net.minecraft.Util/]: Did you remember to set a breakpoint here?
[20Jan2025 22:30:33.975] [Worker-Main-7/ERROR] [net.minecraft.Util/]: Invalid path in pack: plant_farms:loot_table/blocks/overworld/aboveGround/miscellaneous/mushroom_farm.json, ignoring
[20Jan2025 22:30:33.975] [Worker-Main-7/WARN] [net.minecraft.Util/]: Did you remember to set a breakpoint here?
[20Jan2025 22:30:33.975] [Worker-Main-7/ERROR] [net.minecraft.Util/]: Invalid path in pack: plant_farms:loot_table/blocks/overworld/aboveGround/miscellaneous/vine_farm.json, ignoring
[20Jan2025 22:30:33.975] [Worker-Main-7/WARN] [net.minecraft.Util/]: Did you remember to set a breakpoint here?
[20Jan2025 22:30:33.975] [Worker-Main-7/ERROR] [net.minecraft.Util/]: Invalid path in pack: plant_farms:loot_table/blocks/overworld/aboveGround/trees/acacia_farm.json, ignoring
[20Jan2025 22:30:33.975] [Worker-Main-7/WARN] [net.minecraft.Util/]: Did you remember to set a breakpoint here?
[20Jan2025 22:30:33.975] [Worker-Main-7/ERROR] [net.minecraft.Util/]: Invalid path in pack: plant_farms:loot_table/blocks/overworld/aboveGround/trees/azalea_farm.json, ignoring
[20Jan2025 22:30:33.975] [Worker-Main-7/WARN] [net.minecraft.Util/]: Did you remember to set a breakpoint here?
[20Jan2025 22:30:33.975] [Worker-Main-7/ERROR] [net.minecraft.Util/]: Invalid path in pack: plant_farms:loot_table/blocks/overworld/aboveGround/trees/birch_farm.json, ignoring
[20Jan2025 22:30:33.975] [Worker-Main-7/WARN] [net.minecraft.Util/]: Did you remember to set a breakpoint here?
[20Jan2025 22:30:33.975] [Worker-Main-7/ERROR] [net.minecraft.Util/]: Invalid path in pack: plant_farms:loot_table/blocks/overworld/aboveGround/trees/cherry_farm.json, ignoring
[20Jan2025 22:30:33.975] [Worker-Main-7/WARN] [net.minecraft.Util/]: Did you remember to set a breakpoint here?
[20Jan2025 22:30:33.976] [Worker-Main-7/ERROR] [net.minecraft.Util/]: Invalid path in pack: plant_farms:loot_table/blocks/overworld/aboveGround/trees/dark_oak_farm.json, ignoring
[20Jan2025 22:30:33.976] [Worker-Main-7/WARN] [net.minecraft.Util/]: Did you remember to set a breakpoint here?
[20Jan2025 22:30:33.976] [Worker-Main-7/ERROR] [net.minecraft.Util/]: Invalid path in pack: plant_farms:loot_table/blocks/overworld/aboveGround/trees/jungle_farm.json, ignoring
[20Jan2025 22:30:33.976] [Worker-Main-7/WARN] [net.minecraft.Util/]: Did you remember to set a breakpoint here?
[20Jan2025 22:30:33.976] [Worker-Main-7/ERROR] [net.minecraft.Util/]: Invalid path in pack: plant_farms:loot_table/blocks/overworld/aboveGround/trees/mangrove_farm.json, ignoring
[20Jan2025 22:30:33.976] [Worker-Main-7/WARN] [net.minecraft.Util/]: Did you remember to set a breakpoint here?
[20Jan2025 22:30:33.976] [Worker-Main-7/ERROR] [net.minecraft.Util/]: Invalid path in pack: plant_farms:loot_table/blocks/overworld/aboveGround/trees/oak_farm.json, ignoring
[20Jan2025 22:30:33.976] [Worker-Main-7/WARN] [net.minecraft.Util/]: Did you remember to set a breakpoint here?
[20Jan2025 22:30:33.976] [Worker-Main-7/ERROR] [net.minecraft.Util/]: Invalid path in pack: plant_farms:loot_table/blocks/overworld/aboveGround/trees/spruce_farm.json, ignoring
[20Jan2025 22:30:33.976] [Worker-Main-7/WARN] [net.minecraft.Util/]: Did you remember to set a breakpoint here?
[20Jan2025 22:30:34.275] [Worker-Main-9/ERROR] [net.minecraft.tags.TagLoader/]: Couldn't load tag minecraft:replaceable as it is missing following references: 
	waterblock:water (from mod/plant_farms)
[20Jan2025 22:30:34.275] [Worker-Main-9/ERROR] [net.minecraft.tags.TagLoader/]: Couldn't load tag minecraft:enchantment_power_transmitter as it is missing following references: 
	#minecraft:replaceable (from vanilla)
[20Jan2025 22:30:34.469] [Render thread/INFO] [net.minecraft.world.item.crafting.RecipeManager/]: Loaded 1735 recipes
[20Jan2025 22:30:34.655] [Render thread/ERROR] [net.minecraft.server.ServerAdvancementManager/]: Parsing error loading custom advancement plant_farms:unlimited_power: Unknown registry key in ResourceKey[minecraft:root / minecraft:trigger_type]: mobfarms:wither_farm_trigger missed input: {"wither_farm_crafted":{"trigger":"mobfarms:wither_farm_trigger","conditions":{"item":{"items":["mobfarms:wither_farm"]}}}}; Advancement criteria cannot be empty; No key id in MapLike[{"item":"minecraft:nether_star"}]
[20Jan2025 22:30:34.675] [Render thread/ERROR] [net.minecraft.server.ServerAdvancementManager/]: Parsing error loading custom advancement plant_farms:recipe/unlimited_power: Unknown registry key in ResourceKey[minecraft:root / minecraft:trigger_type]: mobfarms:wither_farm_trigger missed input: {"wither_farm_crafted":{"trigger":"mobfarms:wither_farm_trigger","conditions":{"item":{"items":["mobfarms:wither_farm"]}}}}; Advancement criteria cannot be empty; No key id in MapLike[{"item":"minecraft:nether_star"}]
[20Jan2025 22:30:34.699] [Render thread/INFO] [net.minecraft.advancements.AdvancementTree/]: Loaded 1818 advancements
[20Jan2025 22:30:35.125] [Render thread/INFO] [mezz.jei.neoforge.startup.StartEventObserver/]: JEI StartEventObserver received class net.neoforged.neoforge.event.TagsUpdatedEvent too early, ignoring
[20Jan2025 22:30:35.130] [Render thread/INFO] [snownee.jade.Jade/]: LootTableMineableCollector took 5.009 ms
[20Jan2025 22:30:35.262] [Server thread/INFO] [net.minecraft.client.server.IntegratedServer/]: Starting integrated minecraft server version 1.21.1
[20Jan2025 22:30:35.262] [Server thread/INFO] [net.minecraft.server.MinecraftServer/]: Generating keypair
[20Jan2025 22:30:36.229] [Server thread/INFO] [net.minecraft.server.MinecraftServer/]: Preparing start region for dimension minecraft:overworld
[20Jan2025 22:30:36.631] [progressListener/INFO] [net.minecraft.server.level.progress.LoggerChunkProgressListener/]: Preparing spawn area: 0%
[20Jan2025 22:30:36.844] [progressListener/INFO] [net.minecraft.server.level.progress.LoggerChunkProgressListener/]: Time elapsed: 605 ms
[20Jan2025 22:30:36.848] [Server thread/INFO] [net.neoforged.neoforge.server.permission.PermissionAPI/]: Successfully initialized permission handler neoforge:default_handler
[20Jan2025 22:30:37.187] [Server thread/INFO] [net.minecraft.client.server.IntegratedServer/]: Changing view distance to 12, from 10
[20Jan2025 22:30:37.189] [Server thread/INFO] [net.minecraft.client.server.IntegratedServer/]: Changing simulation distance to 12, from 0
[20Jan2025 22:30:38.036] [Render thread/INFO] [mezz.jei.neoforge.startup.StartEventObserver/]: JEI StartEventObserver received class net.neoforged.neoforge.event.TagsUpdatedEvent
[20Jan2025 22:30:38.438] [Server thread/INFO] [net.minecraft.server.players.PlayerList/]: Dev[local:E:f725e1a0] logged in with entity id 33 at (142.81529306319374, 70.0, -58.17849973889581)
[20Jan2025 22:30:38.503] [Server thread/INFO] [net.minecraft.server.MinecraftServer/]: Dev joined the game
[20Jan2025 22:30:38.748] [Render thread/INFO] [mezz.jei.neoforge.startup.StartEventObserver/]: JEI StartEventObserver received class net.neoforged.neoforge.client.event.RecipesUpdatedEvent
[20Jan2025 22:30:38.749] [Render thread/INFO] [mezz.jei.neoforge.startup.StartEventObserver/]: JEI StartEventObserver transitioning state from LISTENING to JEI_STARTED
[20Jan2025 22:30:38.755] [Render thread/INFO] [mezz.jei.core.util.LoggedTimer/]: Starting JEI...
[20Jan2025 22:30:38.773] [Render thread/INFO] [mezz.jei.library.load.PluginCaller/]: Registering item subtypes...
[20Jan2025 22:30:38.784] [Render thread/INFO] [mezz.jei.library.load.PluginCaller/]: Registering item subtypes took 10.18 ms
[20Jan2025 22:30:38.785] [Render thread/INFO] [mezz.jei.library.load.PluginCaller/]: Registering fluid subtypes...
[20Jan2025 22:30:38.787] [Render thread/INFO] [mezz.jei.library.load.PluginCaller/]: Registering fluid subtypes took 2.845 ms
[20Jan2025 22:30:38.793] [Render thread/INFO] [mezz.jei.library.load.PluginCaller/]: Registering ingredients...
[20Jan2025 22:30:38.906] [Render thread/WARN] [mezz.jei.library.plugins.vanilla.ingredients.ItemStackListFactory/]: 1 duplicate items were found in 'Easy Villagers' creative tab's: displayItems
This may indicate that these types of item need a subtype interpreter added to JEI:
[easy_villagers:villager]
[20Jan2025 22:30:38.937] [Render thread/INFO] [mezz.jei.library.load.PluginCallerTimerRunnable/]: Registering ingredients: jei:minecraft took 143.5 milliseconds
[20Jan2025 22:30:38.939] [Render thread/INFO] [mezz.jei.library.load.PluginCaller/]: Registering ingredients took 144.8 ms
[20Jan2025 22:30:38.941] [Render thread/INFO] [mezz.jei.library.load.PluginCaller/]: Registering extra ingredients...
[20Jan2025 22:30:38.942] [Render thread/INFO] [mezz.jei.library.load.PluginCaller/]: Registering extra ingredients took 574.3 s
[20Jan2025 22:30:38.944] [Render thread/INFO] [mezz.jei.library.load.PluginCaller/]: Registering search ingredient aliases...
[20Jan2025 22:30:38.945] [Render thread/INFO] [mezz.jei.library.load.PluginCaller/]: Registering search ingredient aliases took 1.791 ms
[20Jan2025 22:30:38.979] [Render thread/INFO] [mezz.jei.library.load.PluginCaller/]: Registering Mod Info...
[20Jan2025 22:30:38.980] [Render thread/INFO] [mezz.jei.library.load.PluginCaller/]: Registering Mod Info took 826.0 s
[20Jan2025 22:30:39.007] [Render thread/INFO] [mezz.jei.library.load.PluginCaller/]: Registering categories...
[20Jan2025 22:30:39.035] [Render thread/INFO] [mezz.jei.library.load.PluginCallerTimerRunnable/]: Registering categories: jei:minecraft took 27.87 milliseconds
[20Jan2025 22:30:39.052] [Render thread/INFO] [mezz.jei.library.load.PluginCaller/]: Registering categories took 44.81 ms
[20Jan2025 22:30:39.055] [Render thread/INFO] [mezz.jei.library.load.PluginCaller/]: Registering vanilla category extensions...
[20Jan2025 22:30:39.063] [Render thread/INFO] [mezz.jei.library.load.PluginCaller/]: Registering vanilla category extensions took 6.866 ms
[20Jan2025 22:30:39.065] [Render thread/INFO] [mezz.jei.library.load.PluginCaller/]: Registering recipe catalysts...
[20Jan2025 22:30:39.066] [Render thread/INFO] [mezz.jei.library.load.PluginCaller/]: Registering recipe catalysts took 1.157 ms
[20Jan2025 22:30:39.067] [Render thread/INFO] [mezz.jei.core.util.LoggedTimer/]: Building recipe registry...
[20Jan2025 22:30:39.091] [Render thread/INFO] [mezz.jei.core.util.LoggedTimer/]: Building recipe registry took 22.59 ms
[20Jan2025 22:30:39.095] [Render thread/INFO] [mezz.jei.library.load.PluginCaller/]: Registering advanced plugins...
[20Jan2025 22:30:39.095] [Render thread/INFO] [mezz.jei.library.load.PluginCaller/]: Registering advanced plugins took 777.0 s
[20Jan2025 22:30:39.098] [Render thread/INFO] [mezz.jei.library.load.PluginCaller/]: Registering recipes...
[20Jan2025 22:30:39.288] [Render thread/INFO] [mezz.jei.library.load.PluginCallerTimerRunnable/]: Registering recipes: jei:minecraft took 190.1 milliseconds
[20Jan2025 22:30:39.544] [Render thread/INFO] [mezz.jei.library.load.PluginCallerTimerRunnable/]: Registering recipes: easy_villagers:easy_villagers took 255.1 milliseconds
[20Jan2025 22:30:39.572] [Render thread/INFO] [mezz.jei.library.load.PluginCallerTimerRunnable/]: Registering recipes: jei:internal took 27.15 milliseconds
[20Jan2025 22:30:39.572] [Render thread/INFO] [mezz.jei.library.load.PluginCaller/]: Registering recipes took 473.9 ms
[20Jan2025 22:30:39.582] [Render thread/INFO] [mezz.jei.library.load.PluginCaller/]: Registering recipes transfer handlers...
[20Jan2025 22:30:39.585] [Render thread/INFO] [mezz.jei.library.load.PluginCaller/]: Registering recipes transfer handlers took 4.247 ms
[20Jan2025 22:30:39.596] [Render thread/INFO] [mezz.jei.core.util.LoggedTimer/]: Building runtime...
[20Jan2025 22:30:39.602] [Render thread/INFO] [mezz.jei.library.load.PluginCaller/]: Registering gui handlers...
[20Jan2025 22:30:39.614] [Render thread/INFO] [mezz.jei.library.load.PluginCaller/]: Registering gui handlers took 11.49 ms
[20Jan2025 22:30:39.620] [Render thread/INFO] [mezz.jei.library.load.PluginCaller/]: Registering Runtime...
[20Jan2025 22:30:39.623] [Render thread/INFO] [mezz.jei.gui.startup.JeiGuiStarter/]: Starting JEI GUI
[20Jan2025 22:30:39.623] [Render thread/INFO] [mezz.jei.core.util.LoggedTimer/]: Building ingredient list...
[20Jan2025 22:30:39.651] [Render thread/INFO] [mezz.jei.core.util.LoggedTimer/]: Building ingredient list took 27.11 ms
[20Jan2025 22:30:39.651] [Render thread/INFO] [mezz.jei.core.util.LoggedTimer/]: Building ingredient filter...
[20Jan2025 22:30:39.706] [Render thread/INFO] [mezz.jei.gui.ingredients.IngredientFilter/]: Adding 1782 ingredients
[20Jan2025 22:30:39.960] [Render thread/INFO] [mezz.jei.gui.ingredients.IngredientFilter/]: Added 1782 ingredients
[20Jan2025 22:30:39.961] [Render thread/INFO] [mezz.jei.core.util.LoggedTimer/]: Building ingredient filter took 310.6 ms
[20Jan2025 22:30:40.120] [Render thread/INFO] [mezz.jei.library.load.PluginCallerTimerRunnable/]: Registering Runtime: jei:neoforge_gui took 498.8 milliseconds
[20Jan2025 22:30:40.120] [Render thread/INFO] [mezz.jei.library.load.PluginCaller/]: Registering Runtime took 499.6 ms
[20Jan2025 22:30:40.121] [Render thread/INFO] [mezz.jei.core.util.LoggedTimer/]: Building runtime took 524.6 ms
[20Jan2025 22:30:40.122] [Render thread/INFO] [mezz.jei.library.load.PluginCaller/]: Sending Runtime...
[20Jan2025 22:30:40.123] [Render thread/INFO] [mezz.jei.library.load.PluginCaller/]: Sending Runtime took 402.4 s
[20Jan2025 22:30:40.123] [Render thread/INFO] [mezz.jei.core.util.LoggedTimer/]: Starting JEI took 1.367 s
[20Jan2025 22:30:40.150] [Render thread/INFO] [snownee.jade.Jade/]: Received config from the server: 
[20Jan2025 22:30:40.151] [Render thread/INFO] [net.minecraft.advancements.AdvancementTree/]: Loaded 487 advancements
[20Jan2025 22:30:52.038] [Server thread/INFO] [net.minecraft.server.MinecraftServer/]: [Dev: Gave 1 [Wheat Farm] to Dev]
[20Jan2025 22:30:52.060] [Render thread/INFO] [net.minecraft.client.gui.components.ChatComponent/]: [System] [CHAT] Gave 1 [Wheat Farm] to Dev
[20Jan2025 22:31:21.417] [Server thread/WARN] [net.minecraft.server.MinecraftServer/]: Can't keep up! Is the server overloaded? Running 26113ms or 522 ticks behind
[20Jan2025 22:31:27.255] [Server thread/INFO] [net.minecraft.client.server.IntegratedServer/]: Saving and pausing game...
[20Jan2025 22:31:27.299] [Server thread/INFO] [net.minecraft.server.MinecraftServer/]: Saving chunks for level 'ServerLevel[New World]'/minecraft:overworld
[20Jan2025 22:31:27.331] [Server thread/INFO] [net.minecraft.server.MinecraftServer/]: Saving chunks for level 'ServerLevel[New World]'/minecraft:the_nether
[20Jan2025 22:31:27.337] [Server thread/INFO] [net.minecraft.server.MinecraftServer/]: Saving chunks for level 'ServerLevel[New World]'/minecraft:the_end
[20Jan2025 22:31:27.717] [Render thread/INFO] [mezz.jei.neoforge.startup.StartEventObserver/]: JEI StartEventObserver received class net.neoforged.neoforge.client.event.ClientPlayerNetworkEvent$LoggingOut
[20Jan2025 22:31:27.717] [Render thread/INFO] [mezz.jei.neoforge.startup.StartEventObserver/]: JEI StartEventObserver transitioning state from JEI_STARTED to LISTENING
[20Jan2025 22:31:27.717] [Render thread/INFO] [mezz.jei.library.startup.JeiStarter/]: Stopping JEI
[20Jan2025 22:31:27.718] [Render thread/INFO] [mezz.jei.library.load.PluginCaller/]: Sending Runtime Unavailable...
[20Jan2025 22:31:27.718] [Render thread/INFO] [mezz.jei.neoforge.plugins.neoforge.NeoForgeGuiPlugin/]: Stopping JEI GUI
[20Jan2025 22:31:27.720] [Render thread/INFO] [mezz.jei.library.load.PluginCaller/]: Sending Runtime Unavailable took 2.641 ms
[20Jan2025 22:31:27.762] [Server thread/INFO] [net.minecraft.server.network.ServerGamePacketListenerImpl/]: Dev lost connection: Disconnected
[20Jan2025 22:31:27.762] [Server thread/INFO] [net.minecraft.server.MinecraftServer/]: Dev left the game
[20Jan2025 22:31:27.783] [Server thread/INFO] [net.minecraft.server.network.ServerCommonPacketListenerImpl/]: Stopping singleplayer server as player logged out
[20Jan2025 22:31:27.810] [Server thread/INFO] [net.minecraft.server.MinecraftServer/]: Stopping server
[20Jan2025 22:31:27.811] [Server thread/INFO] [net.minecraft.server.MinecraftServer/]: Saving players
[20Jan2025 22:31:27.811] [Server thread/INFO] [net.minecraft.server.MinecraftServer/]: Saving worlds
[20Jan2025 22:31:27.924] [Server thread/INFO] [net.minecraft.server.MinecraftServer/]: Saving chunks for level 'ServerLevel[New World]'/minecraft:overworld
[20Jan2025 22:31:28.003] [Server thread/INFO] [net.minecraft.server.MinecraftServer/]: Saving chunks for level 'ServerLevel[New World]'/minecraft:the_nether
[20Jan2025 22:31:28.007] [Server thread/INFO] [net.minecraft.server.MinecraftServer/]: Saving chunks for level 'ServerLevel[New World]'/minecraft:the_end
[20Jan2025 22:31:28.014] [Server thread/INFO] [net.minecraft.server.MinecraftServer/]: ThreadedAnvilChunkStorage (New World): All chunks are saved
[20Jan2025 22:31:28.016] [Server thread/INFO] [net.minecraft.server.MinecraftServer/]: ThreadedAnvilChunkStorage (DIM-1): All chunks are saved
[20Jan2025 22:31:28.016] [Server thread/INFO] [net.minecraft.server.MinecraftServer/]: ThreadedAnvilChunkStorage (DIM1): All chunks are saved
[20Jan2025 22:31:28.016] [Server thread/INFO] [net.minecraft.server.MinecraftServer/]: ThreadedAnvilChunkStorage: All dimensions are saved
[20Jan2025 22:31:28.696] [Render thread/INFO] [net.minecraft.client.Minecraft/]: Stopping!
